<?xml version="1.0" encoding="UTF-8"?>
<!-- Generated by org.testng.reporters.JUnitXMLReporter -->
<testsuite ignored="0" hostname="LAPTOP-5NJGE6VO" failures="0" tests="4" name="Default test" time="36.704" errors="0" timestamp="2023-07-20T14:02:29 IST">
  <testcase classname="com.obsqura.rmartSuperMarket.LoginPage" name="verifyTheUserAbleToLoginWithValidCredentials" time="2.038"/>
  <testcase classname="com.obsqura.rmartSuperMarket.LoginPage" name="verifyTheUserCannotLoginWithInvalidUserNameandInvalidPassword" time="1.383"/>
  <testcase classname="com.obsqura.rmartSuperMarket.LoginPage" name="verifyTheUserCannotLoginWithInvalidUserNameandValidPassword" time="2.047"/>
  <testcase classname="com.obsqura.rmartSuperMarket.LoginPage" name="verifyTheUserCannotLoginWithValidUserNameandInvalidPassword" time="1.117"/>
</testsuite> <!-- Default test -->
