<?xml version="1.0" encoding="UTF-8"?>
<!-- Generated by org.testng.reporters.JUnitXMLReporter -->
<testsuite ignored="4" hostname="LAPTOP-5NJGE6VO" failures="0" tests="1" name="Default test" time="9.862" errors="0" timestamp="2023-07-23T20:54:00 IST">
  <testcase classname="com.obsqura.rmartSuperMarket.VerifyUsersTest" name="verifyTheUserExistsInTheVerifyUsersList" time="0.747"/>
  <testcase classname="com.obsqura.rmartSuperMarket.VerifyUsersTest" name="checkingSearchFunctioanlity" time="0.0">
    <ignored/>
  </testcase> <!-- checkingSearchFunctioanlity -->
  <testcase classname="com.obsqura.rmartSuperMarket.LoginTest" name="verifyTheUserCannotLoginWithInvalidUserNameandValidPassword" time="0.0">
    <ignored/>
  </testcase> <!-- verifyTheUserCannotLoginWithInvalidUserNameandValidPassword -->
  <testcase classname="com.obsqura.rmartSuperMarket.LoginTest" name="verifyTheUserCannotLoginWithValidUserNameandInvalidPassword" time="0.0">
    <ignored/>
  </testcase> <!-- verifyTheUserCannotLoginWithValidUserNameandInvalidPassword -->
  <testcase classname="com.obsqura.rmartSuperMarket.LoginTest" name="verifyTheUserCannotLoginWithInvalidUserNameandInvalidPassword" time="0.0">
    <ignored/>
  </testcase> <!-- verifyTheUserCannotLoginWithInvalidUserNameandInvalidPassword -->
</testsuite> <!-- Default test -->
