<?xml version="1.0" encoding="UTF-8"?>
<!-- Generated by org.testng.reporters.JUnitXMLReporter -->
<testsuite ignored="0" hostname="LAPTOP-5NJGE6VO" failures="0" tests="2" name="Test2" time="49.115" errors="0" timestamp="2023-08-01T11:30:48 IST">
  <testcase classname="com.obsqura.rmartSuperMarket.testscript.MobileSliderTest" name="checkWhetherTheUserAbletoSelectValueFromDropDownandUploadFile" time="0.571">
    <skipped/>
  </testcase> <!-- checkWhetherTheUserAbletoSelectValueFromDropDownandUploadFile -->
  <testcase classname="com.obsqura.rmartSuperMarket.testscript.MobileSliderTest" name="checkWhetherTheUserAbletoSelectValueFromDropDownandUploadFile" time="9.955"/>
</testsuite> <!-- Test2 -->
