<?xml version="1.0" encoding="UTF-8"?>
<!-- Generated by org.testng.reporters.JUnitXMLReporter -->
<testsuite ignored="0" hostname="LAPTOP-5NJGE6VO" failures="0" tests="2" name="Test1" time="48.685" errors="0" timestamp="2023-08-01T11:30:48 IST">
  <testcase classname="com.obsqura.rmartSuperMarket.testscript.PushNotificationTest" name="verifyWhetherUserAbleToSendTheNotification" time="0.487">
    <skipped/>
  </testcase> <!-- verifyWhetherUserAbleToSendTheNotification -->
  <testcase classname="com.obsqura.rmartSuperMarket.testscript.PushNotificationTest" name="verifyWhetherUserAbleToSendTheNotification" time="9.367"/>
</testsuite> <!-- Test1 -->
