<?xml version="1.0" encoding="UTF-8"?>
<testng-results ignored="0" total="1" passed="1" failed="0" skipped="0">
  <reporter-output>
  </reporter-output>
  <suite started-at="2023-07-27T23:09:33 IST" name="TestNG" finished-at="2023-07-27T23:09:50 IST" duration-ms="16919">
    <groups>
    </groups>
    <test started-at="2023-07-27T23:09:33 IST" name="Test" finished-at="2023-07-27T23:09:50 IST" duration-ms="16919">
      <class name="com.obsqura.rmartSuperMarket.testscript.ManageExpenseTest">
        <test-method is-config="true" signature="initializeBrowser(java.lang.String)[pri:0, instance:com.obsqura.rmartSuperMarket.testscript.ManageExpenseTest@1b835480]" started-at="2023-07-27T23:09:33 IST" name="initializeBrowser" finished-at="2023-07-27T23:09:42 IST" duration-ms="8906" status="PASS">
          <params>
            <param index="0">
              <value>
                <![CDATA[chrome]]>
              </value>
            </param>
          </params>
          <reporter-output>
          </reporter-output>
        </test-method> <!-- initializeBrowser -->
        <test-method signature="verifyWhetherUserAbletoSubmitTheManageExpence()[pri:0, instance:com.obsqura.rmartSuperMarket.testscript.ManageExpenseTest@1b835480]" started-at="2023-07-27T23:09:42 IST" name="verifyWhetherUserAbletoSubmitTheManageExpence" finished-at="2023-07-27T23:09:49 IST" duration-ms="7352" status="PASS">
          <reporter-output>
          </reporter-output>
        </test-method> <!-- verifyWhetherUserAbletoSubmitTheManageExpence -->
        <test-method is-config="true" signature="browserQuit()[pri:0, instance:com.obsqura.rmartSuperMarket.testscript.ManageExpenseTest@1b835480]" started-at="2023-07-27T23:09:49 IST" name="browserQuit" finished-at="2023-07-27T23:09:50 IST" duration-ms="593" status="PASS">
          <reporter-output>
          </reporter-output>
        </test-method> <!-- browserQuit -->
      </class> <!-- com.obsqura.rmartSuperMarket.testscript.ManageExpenseTest -->
    </test> <!-- Test -->
  </suite> <!-- TestNG -->
</testng-results>
