<?xml version="1.0" encoding="UTF-8"?>
<testng-results ignored="0" total="1" passed="1" failed="0" skipped="0">
  <reporter-output>
  </reporter-output>
  <suite started-at="2023-07-25T23:38:02 IST" name="Default suite" finished-at="2023-07-25T23:38:20 IST" duration-ms="17369">
    <groups>
    </groups>
    <test started-at="2023-07-25T23:38:02 IST" name="Default test" finished-at="2023-07-25T23:38:20 IST" duration-ms="17369">
      <class name="com.obsqura.rmartSuperMarket.MobileSliderTest">
        <test-method is-config="true" signature="initializeBrowser()[pri:0, instance:com.obsqura.rmartSuperMarket.MobileSliderTest@13e344d]" started-at="2023-07-25T23:38:02 IST" name="initializeBrowser" finished-at="2023-07-25T23:38:12 IST" duration-ms="9842" status="PASS">
          <reporter-output>
          </reporter-output>
        </test-method> <!-- initializeBrowser -->
        <test-method signature="checkWhetherTheUserAbletoSelectValueFromDropDown()[pri:0, instance:com.obsqura.rmartSuperMarket.MobileSliderTest@13e344d]" started-at="2023-07-25T23:38:12 IST" name="checkWhetherTheUserAbletoSelectValueFromDropDown" finished-at="2023-07-25T23:38:19 IST" duration-ms="6791" status="PASS">
          <reporter-output>
          </reporter-output>
        </test-method> <!-- checkWhetherTheUserAbletoSelectValueFromDropDown -->
        <test-method is-config="true" signature="browserQuit()[pri:0, instance:com.obsqura.rmartSuperMarket.MobileSliderTest@13e344d]" started-at="2023-07-25T23:38:19 IST" name="browserQuit" finished-at="2023-07-25T23:38:20 IST" duration-ms="661" status="PASS">
          <reporter-output>
          </reporter-output>
        </test-method> <!-- browserQuit -->
      </class> <!-- com.obsqura.rmartSuperMarket.MobileSliderTest -->
    </test> <!-- Default test -->
  </suite> <!-- Default suite -->
</testng-results>
